01-23 14:31:02 com_github_MitjaNemec_PlaceFootprints.action_place_footprints 647:Plugin executed on: 'darwin'
01-23 14:31:02 com_github_MitjaNemec_PlaceFootprints.action_place_footprints 648:Plugin executed with python version: '3.9.13 (v3.9.13:6de2ca5339, May 17 2022, 11:37:23) \n[Clang 13.0.0 (clang-1300.0.29.30)]'
01-23 14:31:02 com_github_MitjaNemec_PlaceFootprints.action_place_footprints 649:KiCad build version: 8.0.8
01-23 14:31:02 com_github_MitjaNemec_PlaceFootprints.action_place_footprints 650:Plugin version: 3.0.0
01-23 14:31:02 com_github_MitjaNemec_PlaceFootprints.action_place_footprints 651:Frame repr: <wx._core.Frame object at 0x3147349d0>
01-23 14:31:02 com_github_MitjaNemec_PlaceFootprints.place_footprints 121:getting a list of all footprints on board
01-23 14:31:02 com_github_MitjaNemec_PlaceFootprints.place_footprints 156:Footprint R15 on root level
01-23 14:31:02 com_github_MitjaNemec_PlaceFootprints.place_footprints 156:Footprint R14 on root level
01-23 14:31:02 com_github_MitjaNemec_PlaceFootprints.place_footprints 156:Footprint JP6 on root level
01-23 14:31:02 com_github_MitjaNemec_PlaceFootprints.place_footprints 156:Footprint GNDpins1 on root level
01-23 14:31:02 com_github_MitjaNemec_PlaceFootprints.place_footprints 156:Footprint extra_gpio1 on root level
01-23 14:31:02 com_github_MitjaNemec_PlaceFootprints.place_footprints 156:Footprint 3vpins1 on root level
01-23 14:31:02 com_github_MitjaNemec_PlaceFootprints.place_footprints 156:Footprint STEMMA_QT_I2C1 on root level
01-23 14:31:02 com_github_MitjaNemec_PlaceFootprints.place_footprints 156:Footprint J4 on root level
01-23 14:31:02 com_github_MitjaNemec_PlaceFootprints.place_footprints 156:Footprint C24 on root level
01-23 14:31:02 com_github_MitjaNemec_PlaceFootprints.place_footprints 156:Footprint AGND_BRIDGE2 on root level
01-23 14:31:02 com_github_MitjaNemec_PlaceFootprints.place_footprints 156:Footprint J1 on root level
01-23 14:31:02 com_github_MitjaNemec_PlaceFootprints.place_footprints 156:Footprint MUTE1 on root level
01-23 14:31:02 com_github_MitjaNemec_PlaceFootprints.place_footprints 156:Footprint H2 on root level
01-23 14:31:02 com_github_MitjaNemec_PlaceFootprints.place_footprints 156:Footprint H4 on root level
01-23 14:31:02 com_github_MitjaNemec_PlaceFootprints.place_footprints 156:Footprint D1 on root level
01-23 14:31:02 com_github_MitjaNemec_PlaceFootprints.place_footprints 156:Footprint AGND_BRIDGE1 on root level
01-23 14:31:02 com_github_MitjaNemec_PlaceFootprints.place_footprints 156:Footprint JP1 on root level
01-23 14:31:02 com_github_MitjaNemec_PlaceFootprints.place_footprints 156:Footprint U1 on root level
01-23 14:31:02 com_github_MitjaNemec_PlaceFootprints.place_footprints 156:Footprint J2 on root level
01-23 14:31:02 com_github_MitjaNemec_PlaceFootprints.place_footprints 156:Footprint H1 on root level
01-23 14:31:02 com_github_MitjaNemec_PlaceFootprints.place_footprints 156:Footprint NEOPIXEL_OUT1 on root level
01-23 14:31:02 com_github_MitjaNemec_PlaceFootprints.place_footprints 156:Footprint H3 on root level
01-23 14:31:02 com_github_MitjaNemec_PlaceFootprints.place_footprints 156:Footprint C1 on root level
01-23 14:31:04 com_github_MitjaNemec_PlaceFootprints.action_place_footprints 830:Reference designator is: C
01-23 14:31:04 com_github_MitjaNemec_PlaceFootprints.action_place_footprints 831:Reference number is: 6
01-23 14:31:04 com_github_MitjaNemec_PlaceFootprints.action_place_footprints 863:Sorted and filtered list:
['C1', 'C2', 'C3', 'C4', 'C5', 'C6', 'C7', 'C8', 'C9', 'C10', 'C11', 'C12', 'C13', 'C14', 'C15', 'C16', 'C17', 'C18', 'C19', 'C20', 'C21', 'C22', 'C23', 'C24']
01-23 14:31:04 com_github_MitjaNemec_PlaceFootprints.action_place_footprints 359:wx.Colour(38, 38, 38, 255)
